<?xml version="1.0" encoding="UTF-8"?>
<testng-results ignored="0" total="1" passed="1" failed="0" skipped="0">
  <reporter-output>
  </reporter-output>
  <suite started-at="2024-06-04T21:55:57 EEST" name="GoogleTest" finished-at="2024-06-04T21:56:03 EEST" duration-ms="5682">
    <groups>
    </groups>
    <test started-at="2024-06-04T21:55:57 EEST" name="Command line test" finished-at="2024-06-04T21:56:03 EEST" duration-ms="5682">
      <class name="GoogleTest">
        <test-method is-config="true" signature="beforeTest()[pri:0, instance:GoogleTest@4b44655e]" started-at="2024-06-04T21:55:57 EEST" name="beforeTest" finished-at="2024-06-04T21:56:00 EEST" duration-ms="2913" status="PASS">
          <reporter-output>
          </reporter-output>
        </test-method> <!-- beforeTest -->
        <test-method signature="testGoogleSearch()[pri:0, instance:GoogleTest@4b44655e]" started-at="2024-06-04T21:56:00 EEST" name="testGoogleSearch" finished-at="2024-06-04T21:56:03 EEST" duration-ms="2749" status="PASS">
          <reporter-output>
          </reporter-output>
        </test-method> <!-- testGoogleSearch -->
      </class> <!-- GoogleTest -->
    </test> <!-- Command line test -->
  </suite> <!-- GoogleTest -->
</testng-results>
