<?xml version="1.0" encoding="UTF-8"?>
<testng-results ignored="0" total="1" passed="1" failed="0" skipped="0">
  <reporter-output>
  </reporter-output>
  <suite started-at="2024-06-11T23:11:54 EEST" name="GoogleTest" finished-at="2024-06-11T23:11:58 EEST" duration-ms="3998">
    <groups>
    </groups>
    <test started-at="2024-06-11T23:11:54 EEST" name="Command line test" finished-at="2024-06-11T23:11:58 EEST" duration-ms="3998">
      <class name="GoogleTest">
        <test-method is-config="true" signature="beforeTest()[pri:0, instance:GoogleTest@290d210d]" started-at="2024-06-11T23:11:54 EEST" name="beforeTest" finished-at="2024-06-11T23:11:57 EEST" duration-ms="2578" status="PASS">
          <reporter-output>
          </reporter-output>
        </test-method> <!-- beforeTest -->
        <test-method signature="testGoogleSearch()[pri:0, instance:GoogleTest@290d210d]" started-at="2024-06-11T23:11:57 EEST" name="testGoogleSearch" finished-at="2024-06-11T23:11:58 EEST" duration-ms="1394" status="PASS">
          <reporter-output>
          </reporter-output>
        </test-method> <!-- testGoogleSearch -->
      </class> <!-- GoogleTest -->
    </test> <!-- Command line test -->
  </suite> <!-- GoogleTest -->
</testng-results>
